
*** Running vivado
    with args -log alu.vds -m64 -mode batch -messageDb vivado.pb -notrace -source alu.tcl


****** Vivado v2016.1 (64-bit)
  **** SW Build 1538259 on Fri Apr  8 15:45:27 MDT 2016
  **** IP Build 1537824 on Fri Apr  8 04:28:57 MDT 2016
    ** Copyright 1986-2016 Xilinx, Inc. All Rights Reserved.

source alu.tcl -notrace
Command: synth_design -top alu -part xc7a200tfbg676-2
Starting synth_design
Attempting to get a license for feature 'Synthesis' and/or device 'xc7a200t'
INFO: [Common 17-349] Got license for feature 'Synthesis' and/or device 'xc7a200t'
INFO: Launching helper process for spawning children vivado processes
INFO: Helper process launched with PID 13752 
---------------------------------------------------------------------------------
Starting Synthesize : Time (s): cpu = 00:00:04 ; elapsed = 00:00:08 . Memory (MB): peak = 273.484 ; gain = 66.828
---------------------------------------------------------------------------------
INFO: [Synth 8-638] synthesizing module 'alu' [C:/Users/musak/processorsPart1/processorsPart1.srcs/sources_1/new/alu.v:23]
ERROR: [Synth 8-439] module 'barrelShifter' not found [C:/Users/musak/processorsPart1/processorsPart1.srcs/sources_1/new/alu.v:35]
ERROR: [Synth 8-285] failed synthesizing module 'alu' [C:/Users/musak/processorsPart1/processorsPart1.srcs/sources_1/new/alu.v:23]
---------------------------------------------------------------------------------
Finished Synthesize : Time (s): cpu = 00:00:05 ; elapsed = 00:00:09 . Memory (MB): peak = 309.945 ; gain = 103.289
---------------------------------------------------------------------------------
synthesize failed
INFO: [Common 17-83] Releasing license: Synthesis
3 Infos, 0 Warnings, 0 Critical Warnings and 3 Errors encountered.
synth_design failed
ERROR: [Common 17-69] Command failed: Vivado Synthesis failed
INFO: [Common 17-206] Exiting Vivado at Tue Aug 23 12:49:16 2022...
