
*** Running vivado
    with args -log primitives.vds -m64 -mode batch -messageDb vivado.pb -notrace -source primitives.tcl


****** Vivado v2016.1 (64-bit)
  **** SW Build 1538259 on Fri Apr  8 15:45:27 MDT 2016
  **** IP Build 1537824 on Fri Apr  8 04:28:57 MDT 2016
    ** Copyright 1986-2016 Xilinx, Inc. All Rights Reserved.

source primitives.tcl -notrace
Command: synth_design -top primitives -part xc7a200tfbg676-2
Starting synth_design
Attempting to get a license for feature 'Synthesis' and/or device 'xc7a200t'
INFO: [Common 17-349] Got license for feature 'Synthesis' and/or device 'xc7a200t'
INFO: Launching helper process for spawning children vivado processes
INFO: Helper process launched with PID 7396 
ERROR: [Synth 8-27] primitive not supported [C:/Users/musak/userdefineprimitive/userdefineprimitive.srcs/sources_1/new/primitives.v:41]
INFO: [Synth 8-2350] module compare ignored due to previous errors [C:/Users/musak/userdefineprimitive/userdefineprimitive.srcs/sources_1/new/primitives.v:41]
Failed to read verilog 'C:/Users/musak/userdefineprimitive/userdefineprimitive.srcs/sources_1/new/primitives.v'
INFO: [Common 17-83] Releasing license: Synthesis
3 Infos, 0 Warnings, 0 Critical Warnings and 2 Errors encountered.
synth_design failed
ERROR: [Common 17-69] Command failed: Vivado Synthesis failed
INFO: [Common 17-206] Exiting Vivado at Mon Jun 06 12:13:14 2022...
